<?xml version="1.0" encoding="UTF-8"?>
<!-- Generated by org.testng.reporters.JUnitXMLReporter -->
<testsuite ignored="0" hostname="DESKTOP-NIE2LDM" failures="0" tests="3" name="Playwright Tests" time="6.89" errors="0" timestamp="2025-07-25T13:14:34 IST">
  <testcase classname="playwright.DuckDuckGoSearchTest" name="testDuckDuckGoSearch" time="4.598"/>
  <testcase classname="playwright.BingSearchTest" name="testDuckDuckGoSearch" time="1.181"/>
  <testcase classname="playwright.BingSearchTest" name="testBingSearch" time="1.075"/>
</testsuite> <!-- Playwright Tests -->
